# JRE version: OpenJDK Runtime Environment (8.0_152-b02) (build 1.8.0_152-release-1024-b02)
# Java VM: OpenJDK 64-Bit Server VM (25.152-b02 mixed mode windows-amd64 compressed oops)
Heap:
 PSYoungGen      total 413696K, used 81527K [0x00000000e0000000, 0x00000000fbc00000, 0x0000000100000000)
  eden space 372736K, 19% used [0x00000000e0000000,0x00000000e47b99c0,0x00000000f6c00000)
  from space 40960K, 19% used [0x00000000f6c00000,0x00000000f73e4550,0x00000000f9400000)
  to   space 33280K, 0% used [0x00000000f9b80000,0x00000000f9b80000,0x00000000fbc00000)
 ParOldGen       total 147456K, used 89182K [0x00000000a0000000, 0x00000000a9000000, 0x00000000e0000000)
  object space 147456K, 60% used [0x00000000a0000000,0x00000000a5717870,0x00000000a9000000)
 Metaspace       used 77058K, capacity 80678K, committed 80856K, reserved 1120256K
  class space    used 10025K, capacity 10734K, committed 10752K, reserved 1048576K
GC Heap History (10 events):
Event: 14.824 GC heap before
{Heap before GC invocations=16 (full 3):
 PSYoungGen      total 234496K, used 234492K [0x00000000e0000000, 0x00000000f2900000, 0x0000000100000000)
  eden space 213504K, 100% used [0x00000000e0000000,0x00000000ed080000,0x00000000ed080000)
  from space 20992K, 99% used [0x00000000ef300000,0x00000000f077f0c0,0x00000000f0780000)
  to   space 35328K, 0% used [0x00000000ed080000,0x00000000ed080000,0x00000000ef300000)
 ParOldGen       total 147456K, used 64199K [0x00000000a0000000, 0x00000000a9000000, 0x00000000e0000000)
  object space 147456K, 43% used [0x00000000a0000000,0x00000000a3eb1ec0,0x00000000a9000000)
 Metaspace       used 70558K, capacity 73556K, committed 73816K, reserved 1114112K
  class space    used 9400K, capacity 10013K, committed 10112K, reserved 1048576K
Event: 14.846 GC heap after
Heap after GC invocations=16 (full 3):
 PSYoungGen      total 248832K, used 25607K [0x00000000e0000000, 0x00000000f4480000, 0x0000000100000000)
  eden space 213504K, 0% used [0x00000000e0000000,0x00000000e0000000,0x00000000ed080000)
  from space 35328K, 72% used [0x00000000ed080000,0x00000000ee981c98,0x00000000ef300000)
  to   space 37376K, 0% used [0x00000000f2000000,0x00000000f2000000,0x00000000f4480000)
 ParOldGen       total 147456K, used 64207K [0x00000000a0000000, 0x00000000a9000000, 0x00000000e0000000)
  object space 147456K, 43% used [0x00000000a0000000,0x00000000a3eb3ec0,0x00000000a9000000)
 Metaspace       used 70558K, capacity 73556K, committed 73816K, reserved 1114112K
  class space    used 9400K, capacity 10013K, committed 10112K, reserved 1048576K
}
Event: 15.846 GC heap before
{Heap before GC invocations=17 (full 3):
 PSYoungGen      total 248832K, used 238843K [0x00000000e0000000, 0x00000000f4480000, 0x0000000100000000)
  eden space 213504K, 99% used [0x00000000e0000000,0x00000000ed03d1e8,0x00000000ed080000)
  from space 35328K, 72% used [0x00000000ed080000,0x00000000ee981c98,0x00000000ef300000)
  to   space 37376K, 0% used [0x00000000f2000000,0x00000000f2000000,0x00000000f4480000)
 ParOldGen       total 147456K, used 64207K [0x00000000a0000000, 0x00000000a9000000, 0x00000000e0000000)
  object space 147456K, 43% used [0x00000000a0000000,0x00000000a3eb3ec0,0x00000000a9000000)
 Metaspace       used 71526K, capacity 74578K, committed 74712K, reserved 1114112K
  class space    used 9544K, capacity 10148K, committed 10240K, reserved 1048576K
Event: 15.871 GC heap after
Heap after GC invocations=17 (full 3):
 PSYoungGen      total 291328K, used 30948K [0x00000000e0000000, 0x00000000f5000000, 0x0000000100000000)
  eden space 253952K, 0% used [0x00000000e0000000,0x00000000e0000000,0x00000000ef800000)
  from space 37376K, 82% used [0x00000000f2000000,0x00000000f3e390d0,0x00000000f4480000)
  to   space 40960K, 0% used [0x00000000ef800000,0x00000000ef800000,0x00000000f2000000)
 ParOldGen       total 147456K, used 64215K [0x00000000a0000000, 0x00000000a9000000, 0x00000000e0000000)
  object space 147456K, 43% used [0x00000000a0000000,0x00000000a3eb5ec0,0x00000000a9000000)
 Metaspace       used 71526K, capacity 74578K, committed 74712K, reserved 1114112K
  class space    used 9544K, capacity 10148K, committed 10240K, reserved 1048576K
}
Event: 15.898 GC heap before
{Heap before GC invocations=18 (full 3):
 PSYoungGen      total 291328K, used 284322K [0x00000000e0000000, 0x00000000f5000000, 0x0000000100000000)
  eden space 253952K, 99% used [0x00000000e0000000,0x00000000ef76f810,0x00000000ef800000)
  from space 37376K, 82% used [0x00000000f2000000,0x00000000f3e390d0,0x00000000f4480000)
  to   space 40960K, 0% used [0x00000000ef800000,0x00000000ef800000,0x00000000f2000000)
 ParOldGen       total 147456K, used 64215K [0x00000000a0000000, 0x00000000a9000000, 0x00000000e0000000)
  object space 147456K, 43% used [0x00000000a0000000,0x00000000a3eb5ec0,0x00000000a9000000)
 Metaspace       used 71534K, capacity 74642K, committed 74968K, reserved 1114112K
  class space    used 9544K, capacity 10148K, committed 10240K, reserved 1048576K
Event: 15.921 GC heap after
Heap after GC invocations=18 (full 3):
 PSYoungGen      total 294912K, used 26735K [0x00000000e0000000, 0x00000000fc480000, 0x0000000100000000)
  eden space 253952K, 0% used [0x00000000e0000000,0x00000000e0000000,0x00000000ef800000)
  from space 40960K, 65% used [0x00000000ef800000,0x00000000f121bee0,0x00000000f2000000)
  to   space 41984K, 0% used [0x00000000f9b80000,0x00000000f9b80000,0x00000000fc480000)
 ParOldGen       total 147456K, used 64223K [0x00000000a0000000, 0x00000000a9000000, 0x00000000e0000000)
  object space 147456K, 43% used [0x00000000a0000000,0x00000000a3eb7ec0,0x00000000a9000000)
 Metaspace       used 71534K, capacity 74642K, committed 74968K, reserved 1114112K
  class space    used 9544K, capacity 10148K, committed 10240K, reserved 1048576K
}
Event: 30.140 GC heap before
{Heap before GC invocations=19 (full 3):
 PSYoungGen      total 294912K, used 280687K [0x00000000e0000000, 0x00000000fc480000, 0x0000000100000000)
  eden space 253952K, 100% used [0x00000000e0000000,0x00000000ef800000,0x00000000ef800000)
  from space 40960K, 65% used [0x00000000ef800000,0x00000000f121bee0,0x00000000f2000000)
  to   space 41984K, 0% used [0x00000000f9b80000,0x00000000f9b80000,0x00000000fc480000)
 ParOldGen       total 147456K, used 64223K [0x00000000a0000000, 0x00000000a9000000, 0x00000000e0000000)
  object space 147456K, 43% used [0x00000000a0000000,0x00000000a3eb7ec0,0x00000000a9000000)
 Metaspace       used 74854K, capacity 78310K, committed 78680K, reserved 1118208K
  class space    used 9836K, capacity 10514K, committed 10624K, reserved 1048576K
Event: 30.170 GC heap after
Heap after GC invocations=19 (full 3):
 PSYoungGen      total 406016K, used 11407K [0x00000000e0000000, 0x00000000fbc00000, 0x0000000100000000)
  eden space 372736K, 0% used [0x00000000e0000000,0x00000000e0000000,0x00000000f6c00000)
  from space 33280K, 34% used [0x00000000f9b80000,0x00000000fa6a3f78,0x00000000fbc00000)
  to   space 40960K, 0% used [0x00000000f6c00000,0x00000000f6c00000,0x00000000f9400000)
 ParOldGen       total 147456K, used 84814K [0x00000000a0000000, 0x00000000a9000000, 0x00000000e0000000)
  object space 147456K, 57% used [0x00000000a0000000,0x00000000a52d3890,0x00000000a9000000)
 Metaspace       used 74854K, capacity 78310K, committed 78680K, reserved 1118208K
  class space    used 9836K, capacity 10514K, committed 10624K, reserved 1048576K
}
Event: 34.425 GC heap before
{Heap before GC invocations=20 (full 3):
 PSYoungGen      total 406016K, used 384143K [0x00000000e0000000, 0x00000000fbc00000, 0x0000000100000000)
  eden space 372736K, 100% used [0x00000000e0000000,0x00000000f6c00000,0x00000000f6c00000)
  from space 33280K, 34% used [0x00000000f9b80000,0x00000000fa6a3f78,0x00000000fbc00000)
  to   space 40960K, 0% used [0x00000000f6c00000,0x00000000f6c00000,0x00000000f9400000)
 ParOldGen       total 147456K, used 84814K [0x00000000a0000000, 0x00000000a9000000, 0x00000000e0000000)
  object space 147456K, 57% used [0x00000000a0000000,0x00000000a52d3890,0x00000000a9000000)
 Metaspace       used 76548K, capacity 80154K, committed 80344K, reserved 1118208K
  class space    used 10003K, capacity 10698K, committed 10752K, reserved 1048576K
Event: 34.441 GC heap after
Heap after GC invocations=20 (full 3):
 PSYoungGen      total 413696K, used 8081K [0x00000000e0000000, 0x00000000fbc00000, 0x0000000100000000)
  eden space 372736K, 0% used [0x00000000e0000000,0x00000000e0000000,0x00000000f6c00000)
  from space 40960K, 19% used [0x00000000f6c00000,0x00000000f73e4550,0x00000000f9400000)
  to   space 33280K, 0% used [0x00000000f9b80000,0x00000000f9b80000,0x00000000fbc00000)
 ParOldGen       total 147456K, used 89182K [0x00000000a0000000, 0x00000000a9000000, 0x00000000e0000000)
  object space 147456K, 60% used [0x00000000a0000000,0x00000000a5717870,0x00000000a9000000)
 Metaspace       used 76548K, capacity 80154K, committed 80344K, reserved 1118208K
  class space    used 10003K, capacity 10698K, committed 10752K, reserved 1048576K
}

