# JRE version: OpenJDK Runtime Environment (8.0_152-b02) (build 1.8.0_152-release-1024-b02)
# Java VM: OpenJDK 64-Bit Server VM (25.152-b02 mixed mode windows-amd64 compressed oops)
Heap:
 PSYoungGen      total 221696K, used 75721K [0x00000000e0000000, 0x00000000ee600000, 0x0000000100000000)
  eden space 207872K, 29% used [0x00000000e0000000,0x00000000e3c73590,0x00000000ecb00000)
  from space 13824K, 99% used [0x00000000ecb00000,0x00000000ed87f018,0x00000000ed880000)
  to   space 13312K, 0% used [0x00000000ed900000,0x00000000ed900000,0x00000000ee600000)
 ParOldGen       total 94720K, used 24313K [0x00000000a0000000, 0x00000000a5c80000, 0x00000000e0000000)
  object space 94720K, 25% used [0x00000000a0000000,0x00000000a17be6d0,0x00000000a5c80000)
 Metaspace       used 54364K, capacity 56124K, committed 56320K, reserved 1097728K
  class space    used 7473K, capacity 7901K, committed 7936K, reserved 1048576K
GC Heap History (10 events):
Event: 2.578 GC heap before
{Heap before GC invocations=5 (full 1):
 PSYoungGen      total 138240K, used 5101K [0x00000000e0000000, 0x00000000e8c00000, 0x0000000100000000)
  eden space 133120K, 0% used [0x00000000e0000000,0x00000000e0000000,0x00000000e8200000)
  from space 5120K, 99% used [0x00000000e8700000,0x00000000e8bfb650,0x00000000e8c00000)
  to   space 5120K, 0% used [0x00000000e8200000,0x00000000e8200000,0x00000000e8700000)
 ParOldGen       total 87552K, used 9299K [0x00000000a0000000, 0x00000000a5580000, 0x00000000e0000000)
  object space 87552K, 10% used [0x00000000a0000000,0x00000000a0914f08,0x00000000a5580000)
 Metaspace       used 20760K, capacity 21212K, committed 21248K, reserved 1067008K
  class space    used 2896K, capacity 3042K, committed 3072K, reserved 1048576K
Event: 2.611 GC heap after
Heap after GC invocations=5 (full 1):
 PSYoungGen      total 138240K, used 0K [0x00000000e0000000, 0x00000000e8c00000, 0x0000000100000000)
  eden space 133120K, 0% used [0x00000000e0000000,0x00000000e0000000,0x00000000e8200000)
  from space 5120K, 0% used [0x00000000e8700000,0x00000000e8700000,0x00000000e8c00000)
  to   space 5120K, 0% used [0x00000000e8200000,0x00000000e8200000,0x00000000e8700000)
 ParOldGen       total 60928K, used 8307K [0x00000000a0000000, 0x00000000a3b80000, 0x00000000e0000000)
  object space 60928K, 13% used [0x00000000a0000000,0x00000000a081ce28,0x00000000a3b80000)
 Metaspace       used 20760K, capacity 21212K, committed 21248K, reserved 1067008K
  class space    used 2896K, capacity 3042K, committed 3072K, reserved 1048576K
}
Event: 7.121 GC heap before
{Heap before GC invocations=6 (full 1):
 PSYoungGen      total 138240K, used 133120K [0x00000000e0000000, 0x00000000e8c00000, 0x0000000100000000)
  eden space 133120K, 100% used [0x00000000e0000000,0x00000000e8200000,0x00000000e8200000)
  from space 5120K, 0% used [0x00000000e8700000,0x00000000e8700000,0x00000000e8c00000)
  to   space 5120K, 0% used [0x00000000e8200000,0x00000000e8200000,0x00000000e8700000)
 ParOldGen       total 60928K, used 8307K [0x00000000a0000000, 0x00000000a3b80000, 0x00000000e0000000)
  object space 60928K, 13% used [0x00000000a0000000,0x00000000a081ce28,0x00000000a3b80000)
 Metaspace       used 30061K, capacity 30622K, committed 30848K, reserved 1075200K
  class space    used 4212K, capacity 4398K, committed 4480K, reserved 1048576K
Event: 7.142 GC heap after
Heap after GC invocations=6 (full 1):
 PSYoungGen      total 138240K, used 5104K [0x00000000e0000000, 0x00000000ee780000, 0x0000000100000000)
  eden space 133120K, 0% used [0x00000000e0000000,0x00000000e0000000,0x00000000e8200000)
  from space 5120K, 99% used [0x00000000e8200000,0x00000000e86fc010,0x00000000e8700000)
  to   space 14848K, 0% used [0x00000000ed900000,0x00000000ed900000,0x00000000ee780000)
 ParOldGen       total 60928K, used 16809K [0x00000000a0000000, 0x00000000a3b80000, 0x00000000e0000000)
  object space 60928K, 27% used [0x00000000a0000000,0x00000000a106a6d0,0x00000000a3b80000)
 Metaspace       used 30061K, capacity 30622K, committed 30848K, reserved 1075200K
  class space    used 4212K, capacity 4398K, committed 4480K, reserved 1048576K
}
Event: 7.592 GC heap before
{Heap before GC invocations=7 (full 1):
 PSYoungGen      total 138240K, used 28997K [0x00000000e0000000, 0x00000000ee780000, 0x0000000100000000)
  eden space 133120K, 17% used [0x00000000e0000000,0x00000000e1755560,0x00000000e8200000)
  from space 5120K, 99% used [0x00000000e8200000,0x00000000e86fc010,0x00000000e8700000)
  to   space 14848K, 0% used [0x00000000ed900000,0x00000000ed900000,0x00000000ee780000)
 ParOldGen       total 60928K, used 16809K [0x00000000a0000000, 0x00000000a3b80000, 0x00000000e0000000)
  object space 60928K, 27% used [0x00000000a0000000,0x00000000a106a6d0,0x00000000a3b80000)
 Metaspace       used 34677K, capacity 35336K, committed 35416K, reserved 1079296K
  class space    used 4784K, capacity 4976K, committed 4992K, reserved 1048576K
Event: 7.600 GC heap after
Heap after GC invocations=7 (full 1):
 PSYoungGen      total 221184K, used 8469K [0x00000000e0000000, 0x00000000ee600000, 0x0000000100000000)
  eden space 207872K, 0% used [0x00000000e0000000,0x00000000e0000000,0x00000000ecb00000)
  from space 13312K, 63% used [0x00000000ed900000,0x00000000ee1454d8,0x00000000ee600000)
  to   space 13824K, 0% used [0x00000000ecb00000,0x00000000ecb00000,0x00000000ed880000)
 ParOldGen       total 60928K, used 16817K [0x00000000a0000000, 0x00000000a3b80000, 0x00000000e0000000)
  object space 60928K, 27% used [0x00000000a0000000,0x00000000a106c6d0,0x00000000a3b80000)
 Metaspace       used 34677K, capacity 35336K, committed 35416K, reserved 1079296K
  class space    used 4784K, capacity 4976K, committed 4992K, reserved 1048576K
}
Event: 7.600 GC heap before
{Heap before GC invocations=8 (full 2):
 PSYoungGen      total 221184K, used 8469K [0x00000000e0000000, 0x00000000ee600000, 0x0000000100000000)
  eden space 207872K, 0% used [0x00000000e0000000,0x00000000e0000000,0x00000000ecb00000)
  from space 13312K, 63% used [0x00000000ed900000,0x00000000ee1454d8,0x00000000ee600000)
  to   space 13824K, 0% used [0x00000000ecb00000,0x00000000ecb00000,0x00000000ed880000)
 ParOldGen       total 60928K, used 16817K [0x00000000a0000000, 0x00000000a3b80000, 0x00000000e0000000)
  object space 60928K, 27% used [0x00000000a0000000,0x00000000a106c6d0,0x00000000a3b80000)
 Metaspace       used 34677K, capacity 35336K, committed 35416K, reserved 1079296K
  class space    used 4784K, capacity 4976K, committed 4992K, reserved 1048576K
Event: 7.665 GC heap after
Heap after GC invocations=8 (full 2):
 PSYoungGen      total 221184K, used 0K [0x00000000e0000000, 0x00000000ee600000, 0x0000000100000000)
  eden space 207872K, 0% used [0x00000000e0000000,0x00000000e0000000,0x00000000ecb00000)
  from space 13312K, 0% used [0x00000000ed900000,0x00000000ed900000,0x00000000ee600000)
  to   space 13824K, 0% used [0x00000000ecb00000,0x00000000ecb00000,0x00000000ed880000)
 ParOldGen       total 94720K, used 17621K [0x00000000a0000000, 0x00000000a5c80000, 0x00000000e0000000)
  object space 94720K, 18% used [0x00000000a0000000,0x00000000a11354d8,0x00000000a5c80000)
 Metaspace       used 34677K, capacity 35336K, committed 35416K, reserved 1079296K
  class space    used 4784K, capacity 4976K, committed 4992K, reserved 1048576K
}
Event: 10.402 GC heap before
{Heap before GC invocations=9 (full 2):
 PSYoungGen      total 221184K, used 207872K [0x00000000e0000000, 0x00000000ee600000, 0x0000000100000000)
  eden space 207872K, 100% used [0x00000000e0000000,0x00000000ecb00000,0x00000000ecb00000)
  from space 13312K, 0% used [0x00000000ed900000,0x00000000ed900000,0x00000000ee600000)
  to   space 13824K, 0% used [0x00000000ecb00000,0x00000000ecb00000,0x00000000ed880000)
 ParOldGen       total 94720K, used 17621K [0x00000000a0000000, 0x00000000a5c80000, 0x00000000e0000000)
  object space 94720K, 18% used [0x00000000a0000000,0x00000000a11354d8,0x00000000a5c80000)
 Metaspace       used 49949K, capacity 51454K, committed 51584K, reserved 1093632K
  class space    used 6822K, capacity 7170K, committed 7296K, reserved 1048576K
Event: 10.422 GC heap after
Heap after GC invocations=9 (full 2):
 PSYoungGen      total 221696K, used 13820K [0x00000000e0000000, 0x00000000ee600000, 0x0000000100000000)
  eden space 207872K, 0% used [0x00000000e0000000,0x00000000e0000000,0x00000000ecb00000)
  from space 13824K, 99% used [0x00000000ecb00000,0x00000000ed87f018,0x00000000ed880000)
  to   space 13312K, 0% used [0x00000000ed900000,0x00000000ed900000,0x00000000ee600000)
 ParOldGen       total 94720K, used 24313K [0x00000000a0000000, 0x00000000a5c80000, 0x00000000e0000000)
  object space 94720K, 25% used [0x00000000a0000000,0x00000000a17be6d0,0x00000000a5c80000)
 Metaspace       used 49949K, capacity 51454K, committed 51584K, reserved 1093632K
  class space    used 6822K, capacity 7170K, committed 7296K, reserved 1048576K
}

