# JRE version: OpenJDK Runtime Environment (8.0_152-b02) (build 1.8.0_152-release-1024-b02)
# Java VM: OpenJDK 64-Bit Server VM (25.152-b02 mixed mode windows-amd64 compressed oops)
Heap:
 PSYoungGen      total 141312K, used 49899K [0x00000000e0000000, 0x00000000eb680000, 0x0000000100000000)
  eden space 130560K, 29% used [0x00000000e0000000,0x00000000e263b208,0x00000000e7f80000)
  from space 10752K, 99% used [0x00000000e7f80000,0x00000000e89ffbf8,0x00000000e8a00000)
  to   space 13824K, 0% used [0x00000000ea900000,0x00000000ea900000,0x00000000eb680000)
 ParOldGen       total 97792K, used 32386K [0x00000000a0000000, 0x00000000a5f80000, 0x00000000e0000000)
  object space 97792K, 33% used [0x00000000a0000000,0x00000000a1fa0bf8,0x00000000a5f80000)
 Metaspace       used 56774K, capacity 58600K, committed 58624K, reserved 1099776K
  class space    used 7742K, capacity 8169K, committed 8192K, reserved 1048576K
GC Heap History (10 events):
Event: 5.719 GC heap before
{Heap before GC invocations=7 (full 1):
 PSYoungGen      total 71680K, used 66560K [0x00000000e0000000, 0x00000000e9700000, 0x0000000100000000)
  eden space 66560K, 100% used [0x00000000e0000000,0x00000000e4100000,0x00000000e4100000)
  from space 5120K, 0% used [0x00000000e4100000,0x00000000e4100000,0x00000000e4600000)
  to   space 10752K, 0% used [0x00000000e8c80000,0x00000000e8c80000,0x00000000e9700000)
 ParOldGen       total 60928K, used 8958K [0x00000000a0000000, 0x00000000a3b80000, 0x00000000e0000000)
  object space 60928K, 14% used [0x00000000a0000000,0x00000000a08bf8f8,0x00000000a3b80000)
 Metaspace       used 28027K, capacity 28568K, committed 28800K, reserved 1075200K
  class space    used 3797K, capacity 3955K, committed 3968K, reserved 1048576K
Event: 5.730 GC heap after
Heap after GC invocations=7 (full 1):
 PSYoungGen      total 112640K, used 7852K [0x00000000e0000000, 0x00000000e9480000, 0x0000000100000000)
  eden space 104448K, 0% used [0x00000000e0000000,0x00000000e0000000,0x00000000e6600000)
  from space 8192K, 95% used [0x00000000e8c80000,0x00000000e942b0d8,0x00000000e9480000)
  to   space 10752K, 0% used [0x00000000e7f80000,0x00000000e7f80000,0x00000000e8a00000)
 ParOldGen       total 60928K, used 8966K [0x00000000a0000000, 0x00000000a3b80000, 0x00000000e0000000)
  object space 60928K, 14% used [0x00000000a0000000,0x00000000a08c18f8,0x00000000a3b80000)
 Metaspace       used 28027K, capacity 28568K, committed 28800K, reserved 1075200K
  class space    used 3797K, capacity 3955K, committed 3968K, reserved 1048576K
}
Event: 11.369 GC heap before
{Heap before GC invocations=8 (full 1):
 PSYoungGen      total 112640K, used 112300K [0x00000000e0000000, 0x00000000e9480000, 0x0000000100000000)
  eden space 104448K, 100% used [0x00000000e0000000,0x00000000e6600000,0x00000000e6600000)
  from space 8192K, 95% used [0x00000000e8c80000,0x00000000e942b0d8,0x00000000e9480000)
  to   space 10752K, 0% used [0x00000000e7f80000,0x00000000e7f80000,0x00000000e8a00000)
 ParOldGen       total 60928K, used 8966K [0x00000000a0000000, 0x00000000a3b80000, 0x00000000e0000000)
  object space 60928K, 14% used [0x00000000a0000000,0x00000000a08c18f8,0x00000000a3b80000)
 Metaspace       used 34364K, capacity 35232K, committed 35416K, reserved 1079296K
  class space    used 4698K, capacity 4998K, committed 5120K, reserved 1048576K
Event: 11.391 GC heap after
Heap after GC invocations=8 (full 1):
 PSYoungGen      total 141312K, used 10733K [0x00000000e0000000, 0x00000000eb680000, 0x0000000100000000)
  eden space 130560K, 0% used [0x00000000e0000000,0x00000000e0000000,0x00000000e7f80000)
  from space 10752K, 99% used [0x00000000e7f80000,0x00000000e89fb740,0x00000000e8a00000)
  to   space 13824K, 0% used [0x00000000ea900000,0x00000000ea900000,0x00000000eb680000)
 ParOldGen       total 60928K, used 12923K [0x00000000a0000000, 0x00000000a3b80000, 0x00000000e0000000)
  object space 60928K, 21% used [0x00000000a0000000,0x00000000a0c9eea0,0x00000000a3b80000)
 Metaspace       used 34364K, capacity 35232K, committed 35416K, reserved 1079296K
  class space    used 4698K, capacity 4998K, committed 5120K, reserved 1048576K
}
Event: 11.391 GC heap before
{Heap before GC invocations=9 (full 2):
 PSYoungGen      total 141312K, used 10733K [0x00000000e0000000, 0x00000000eb680000, 0x0000000100000000)
  eden space 130560K, 0% used [0x00000000e0000000,0x00000000e0000000,0x00000000e7f80000)
  from space 10752K, 99% used [0x00000000e7f80000,0x00000000e89fb740,0x00000000e8a00000)
  to   space 13824K, 0% used [0x00000000ea900000,0x00000000ea900000,0x00000000eb680000)
 ParOldGen       total 60928K, used 12923K [0x00000000a0000000, 0x00000000a3b80000, 0x00000000e0000000)
  object space 60928K, 21% used [0x00000000a0000000,0x00000000a0c9eea0,0x00000000a3b80000)
 Metaspace       used 34364K, capacity 35232K, committed 35416K, reserved 1079296K
  class space    used 4698K, capacity 4998K, committed 5120K, reserved 1048576K
Event: 11.465 GC heap after
Heap after GC invocations=9 (full 2):
 PSYoungGen      total 141312K, used 0K [0x00000000e0000000, 0x00000000eb680000, 0x0000000100000000)
  eden space 130560K, 0% used [0x00000000e0000000,0x00000000e0000000,0x00000000e7f80000)
  from space 10752K, 0% used [0x00000000e7f80000,0x00000000e7f80000,0x00000000e8a00000)
  to   space 13824K, 0% used [0x00000000ea900000,0x00000000ea900000,0x00000000eb680000)
 ParOldGen       total 97792K, used 20960K [0x00000000a0000000, 0x00000000a5f80000, 0x00000000e0000000)
  object space 97792K, 21% used [0x00000000a0000000,0x00000000a14783c0,0x00000000a5f80000)
 Metaspace       used 34313K, capacity 35100K, committed 35416K, reserved 1079296K
  class space    used 4684K, capacity 4954K, committed 5120K, reserved 1048576K
}
Event: 13.986 GC heap before
{Heap before GC invocations=10 (full 2):
 PSYoungGen      total 141312K, used 130560K [0x00000000e0000000, 0x00000000eb680000, 0x0000000100000000)
  eden space 130560K, 100% used [0x00000000e0000000,0x00000000e7f80000,0x00000000e7f80000)
  from space 10752K, 0% used [0x00000000e7f80000,0x00000000e7f80000,0x00000000e8a00000)
  to   space 13824K, 0% used [0x00000000ea900000,0x00000000ea900000,0x00000000eb680000)
 ParOldGen       total 97792K, used 20960K [0x00000000a0000000, 0x00000000a5f80000, 0x00000000e0000000)
  object space 97792K, 21% used [0x00000000a0000000,0x00000000a14783c0,0x00000000a5f80000)
 Metaspace       used 45359K, capacity 46504K, committed 46720K, reserved 1089536K
  class space    used 6115K, capacity 6436K, committed 6528K, reserved 1048576K
Event: 14.007 GC heap after
Heap after GC invocations=10 (full 2):
 PSYoungGen      total 144384K, used 13810K [0x00000000e0000000, 0x00000000eb680000, 0x0000000100000000)
  eden space 130560K, 0% used [0x00000000e0000000,0x00000000e0000000,0x00000000e7f80000)
  from space 13824K, 99% used [0x00000000ea900000,0x00000000eb67ca18,0x00000000eb680000)
  to   space 10752K, 0% used [0x00000000e7f80000,0x00000000e7f80000,0x00000000e8a00000)
 ParOldGen       total 97792K, used 22471K [0x00000000a0000000, 0x00000000a5f80000, 0x00000000e0000000)
  object space 97792K, 22% used [0x00000000a0000000,0x00000000a15f1c98,0x00000000a5f80000)
 Metaspace       used 45359K, capacity 46504K, committed 46720K, reserved 1089536K
  class space    used 6115K, capacity 6436K, committed 6528K, reserved 1048576K
}
Event: 16.265 GC heap before
{Heap before GC invocations=11 (full 2):
 PSYoungGen      total 144384K, used 144370K [0x00000000e0000000, 0x00000000eb680000, 0x0000000100000000)
  eden space 130560K, 100% used [0x00000000e0000000,0x00000000e7f80000,0x00000000e7f80000)
  from space 13824K, 99% used [0x00000000ea900000,0x00000000eb67ca18,0x00000000eb680000)
  to   space 10752K, 0% used [0x00000000e7f80000,0x00000000e7f80000,0x00000000e8a00000)
 ParOldGen       total 97792K, used 22471K [0x00000000a0000000, 0x00000000a5f80000, 0x00000000e0000000)
  object space 97792K, 22% used [0x00000000a0000000,0x00000000a15f1c98,0x00000000a5f80000)
 Metaspace       used 55555K, capacity 57330K, committed 57472K, reserved 1099776K
  class space    used 7554K, capacity 8006K, committed 8064K, reserved 1048576K
Event: 16.299 GC heap after
Heap after GC invocations=11 (full 2):
 PSYoungGen      total 141312K, used 10750K [0x00000000e0000000, 0x00000000eb680000, 0x0000000100000000)
  eden space 130560K, 0% used [0x00000000e0000000,0x00000000e0000000,0x00000000e7f80000)
  from space 10752K, 99% used [0x00000000e7f80000,0x00000000e89ffbf8,0x00000000e8a00000)
  to   space 13824K, 0% used [0x00000000ea900000,0x00000000ea900000,0x00000000eb680000)
 ParOldGen       total 97792K, used 32386K [0x00000000a0000000, 0x00000000a5f80000, 0x00000000e0000000)
  object space 97792K, 33% used [0x00000000a0000000,0x00000000a1fa0bf8,0x00000000a5f80000)
 Metaspace       used 55555K, capacity 57330K, committed 57472K, reserved 1099776K
  class space    used 7554K, capacity 8006K, committed 8064K, reserved 1048576K
}

