# JRE version: OpenJDK Runtime Environment (8.0_152-b02) (build 1.8.0_152-release-1024-b02)
# Java VM: OpenJDK 64-Bit Server VM (25.152-b02 mixed mode windows-amd64 compressed oops)
Heap:
 PSYoungGen      total 144384K, used 67342K [0x00000000e0000000, 0x00000000ea100000, 0x0000000100000000)
  eden space 131584K, 41% used [0x00000000e0000000,0x00000000e3547cb8,0x00000000e8080000)
  from space 12800K, 99% used [0x00000000e9480000,0x00000000ea0fbf18,0x00000000ea100000)
  to   space 9728K, 0% used [0x00000000e8080000,0x00000000e8080000,0x00000000e8a00000)
 ParOldGen       total 100864K, used 20814K [0x00000000a0000000, 0x00000000a6280000, 0x00000000e0000000)
  object space 100864K, 20% used [0x00000000a0000000,0x00000000a1453968,0x00000000a6280000)
 Metaspace       used 47892K, capacity 49030K, committed 49368K, reserved 1093632K
  class space    used 6482K, capacity 6810K, committed 6912K, reserved 1048576K
GC Heap History (10 events):
Event: 2.586 GC heap before
{Heap before GC invocations=6 (full 1):
 PSYoungGen      total 71680K, used 5101K [0x00000000e0000000, 0x00000000e9600000, 0x0000000100000000)
  eden space 66560K, 0% used [0x00000000e0000000,0x00000000e0000000,0x00000000e4100000)
  from space 5120K, 99% used [0x00000000e4100000,0x00000000e45fb670,0x00000000e4600000)
  to   space 10240K, 0% used [0x00000000e8c00000,0x00000000e8c00000,0x00000000e9600000)
 ParOldGen       total 87552K, used 8795K [0x00000000a0000000, 0x00000000a5580000, 0x00000000e0000000)
  object space 87552K, 10% used [0x00000000a0000000,0x00000000a0896d00,0x00000000a5580000)
 Metaspace       used 20786K, capacity 21212K, committed 21248K, reserved 1067008K
  class space    used 2896K, capacity 3042K, committed 3072K, reserved 1048576K
Event: 2.644 GC heap after
Heap after GC invocations=6 (full 1):
 PSYoungGen      total 71680K, used 0K [0x00000000e0000000, 0x00000000e9600000, 0x0000000100000000)
  eden space 66560K, 0% used [0x00000000e0000000,0x00000000e0000000,0x00000000e4100000)
  from space 5120K, 0% used [0x00000000e4100000,0x00000000e4100000,0x00000000e4600000)
  to   space 10240K, 0% used [0x00000000e8c00000,0x00000000e8c00000,0x00000000e9600000)
 ParOldGen       total 62464K, used 8179K [0x00000000a0000000, 0x00000000a3d00000, 0x00000000e0000000)
  object space 62464K, 13% used [0x00000000a0000000,0x00000000a07fcfd8,0x00000000a3d00000)
 Metaspace       used 20786K, capacity 21212K, committed 21248K, reserved 1067008K
  class space    used 2896K, capacity 3042K, committed 3072K, reserved 1048576K
}
Event: 3.551 GC heap before
{Heap before GC invocations=7 (full 1):
 PSYoungGen      total 71680K, used 66560K [0x00000000e0000000, 0x00000000e9600000, 0x0000000100000000)
  eden space 66560K, 100% used [0x00000000e0000000,0x00000000e4100000,0x00000000e4100000)
  from space 5120K, 0% used [0x00000000e4100000,0x00000000e4100000,0x00000000e4600000)
  to   space 10240K, 0% used [0x00000000e8c00000,0x00000000e8c00000,0x00000000e9600000)
 ParOldGen       total 62464K, used 8179K [0x00000000a0000000, 0x00000000a3d00000, 0x00000000e0000000)
  object space 62464K, 13% used [0x00000000a0000000,0x00000000a07fcfd8,0x00000000a3d00000)
 Metaspace       used 26625K, capacity 27196K, committed 27392K, reserved 1073152K
  class space    used 3669K, capacity 3833K, committed 3840K, reserved 1048576K
Event: 3.559 GC heap after
Heap after GC invocations=7 (full 1):
 PSYoungGen      total 105984K, used 7350K [0x00000000e0000000, 0x00000000e9380000, 0x0000000100000000)
  eden space 98304K, 0% used [0x00000000e0000000,0x00000000e0000000,0x00000000e6000000)
  from space 7680K, 95% used [0x00000000e8c00000,0x00000000e932dab0,0x00000000e9380000)
  to   space 9728K, 0% used [0x00000000e8080000,0x00000000e8080000,0x00000000e8a00000)
 ParOldGen       total 62464K, used 8187K [0x00000000a0000000, 0x00000000a3d00000, 0x00000000e0000000)
  object space 62464K, 13% used [0x00000000a0000000,0x00000000a07fefd8,0x00000000a3d00000)
 Metaspace       used 26625K, capacity 27196K, committed 27392K, reserved 1073152K
  class space    used 3669K, capacity 3833K, committed 3840K, reserved 1048576K
}
Event: 7.311 GC heap before
{Heap before GC invocations=8 (full 1):
 PSYoungGen      total 105984K, used 94723K [0x00000000e0000000, 0x00000000e9380000, 0x0000000100000000)
  eden space 98304K, 88% used [0x00000000e0000000,0x00000000e5553350,0x00000000e6000000)
  from space 7680K, 95% used [0x00000000e8c00000,0x00000000e932dab0,0x00000000e9380000)
  to   space 9728K, 0% used [0x00000000e8080000,0x00000000e8080000,0x00000000e8a00000)
 ParOldGen       total 62464K, used 8187K [0x00000000a0000000, 0x00000000a3d00000, 0x00000000e0000000)
  object space 62464K, 13% used [0x00000000a0000000,0x00000000a07fefd8,0x00000000a3d00000)
 Metaspace       used 34676K, capacity 35272K, committed 35416K, reserved 1079296K
  class space    used 4784K, capacity 4976K, committed 4992K, reserved 1048576K
Event: 7.322 GC heap after
Heap after GC invocations=8 (full 1):
 PSYoungGen      total 141312K, used 9704K [0x00000000e0000000, 0x00000000ea100000, 0x0000000100000000)
  eden space 131584K, 0% used [0x00000000e0000000,0x00000000e0000000,0x00000000e8080000)
  from space 9728K, 99% used [0x00000000e8080000,0x00000000e89fa080,0x00000000e8a00000)
  to   space 12800K, 0% used [0x00000000e9480000,0x00000000e9480000,0x00000000ea100000)
 ParOldGen       total 62464K, used 11411K [0x00000000a0000000, 0x00000000a3d00000, 0x00000000e0000000)
  object space 62464K, 18% used [0x00000000a0000000,0x00000000a0b24e90,0x00000000a3d00000)
 Metaspace       used 34676K, capacity 35272K, committed 35416K, reserved 1079296K
  class space    used 4784K, capacity 4976K, committed 4992K, reserved 1048576K
}
Event: 7.323 GC heap before
{Heap before GC invocations=9 (full 2):
 PSYoungGen      total 141312K, used 9704K [0x00000000e0000000, 0x00000000ea100000, 0x0000000100000000)
  eden space 131584K, 0% used [0x00000000e0000000,0x00000000e0000000,0x00000000e8080000)
  from space 9728K, 99% used [0x00000000e8080000,0x00000000e89fa080,0x00000000e8a00000)
  to   space 12800K, 0% used [0x00000000e9480000,0x00000000e9480000,0x00000000ea100000)
 ParOldGen       total 62464K, used 11411K [0x00000000a0000000, 0x00000000a3d00000, 0x00000000e0000000)
  object space 62464K, 18% used [0x00000000a0000000,0x00000000a0b24e90,0x00000000a3d00000)
 Metaspace       used 34676K, capacity 35272K, committed 35416K, reserved 1079296K
  class space    used 4784K, capacity 4976K, committed 4992K, reserved 1048576K
Event: 7.383 GC heap after
Heap after GC invocations=9 (full 2):
 PSYoungGen      total 141312K, used 0K [0x00000000e0000000, 0x00000000ea100000, 0x0000000100000000)
  eden space 131584K, 0% used [0x00000000e0000000,0x00000000e0000000,0x00000000e8080000)
  from space 9728K, 0% used [0x00000000e8080000,0x00000000e8080000,0x00000000e8a00000)
  to   space 12800K, 0% used [0x00000000e9480000,0x00000000e9480000,0x00000000ea100000)
 ParOldGen       total 100864K, used 19454K [0x00000000a0000000, 0x00000000a6280000, 0x00000000e0000000)
  object space 100864K, 19% used [0x00000000a0000000,0x00000000a12ff9a8,0x00000000a6280000)
 Metaspace       used 34676K, capacity 35272K, committed 35416K, reserved 1079296K
  class space    used 4784K, capacity 4976K, committed 4992K, reserved 1048576K
}
Event: 8.881 GC heap before
{Heap before GC invocations=10 (full 2):
 PSYoungGen      total 141312K, used 131584K [0x00000000e0000000, 0x00000000ea100000, 0x0000000100000000)
  eden space 131584K, 100% used [0x00000000e0000000,0x00000000e8080000,0x00000000e8080000)
  from space 9728K, 0% used [0x00000000e8080000,0x00000000e8080000,0x00000000e8a00000)
  to   space 12800K, 0% used [0x00000000e9480000,0x00000000e9480000,0x00000000ea100000)
 ParOldGen       total 100864K, used 19454K [0x00000000a0000000, 0x00000000a6280000, 0x00000000e0000000)
  object space 100864K, 19% used [0x00000000a0000000,0x00000000a12ff9a8,0x00000000a6280000)
 Metaspace       used 43087K, capacity 44050K, committed 44120K, reserved 1087488K
  class space    used 5948K, capacity 6246K, committed 6272K, reserved 1048576K
Event: 8.898 GC heap after
Heap after GC invocations=10 (full 2):
 PSYoungGen      total 144384K, used 12783K [0x00000000e0000000, 0x00000000ea100000, 0x0000000100000000)
  eden space 131584K, 0% used [0x00000000e0000000,0x00000000e0000000,0x00000000e8080000)
  from space 12800K, 99% used [0x00000000e9480000,0x00000000ea0fbf18,0x00000000ea100000)
  to   space 9728K, 0% used [0x00000000e8080000,0x00000000e8080000,0x00000000e8a00000)
 ParOldGen       total 100864K, used 20814K [0x00000000a0000000, 0x00000000a6280000, 0x00000000e0000000)
  object space 100864K, 20% used [0x00000000a0000000,0x00000000a1453968,0x00000000a6280000)
 Metaspace       used 43087K, capacity 44050K, committed 44120K, reserved 1087488K
  class space    used 5948K, capacity 6246K, committed 6272K, reserved 1048576K
}

