# JRE version: OpenJDK Runtime Environment (8.0_152-b02) (build 1.8.0_152-release-1024-b02)
# Java VM: OpenJDK 64-Bit Server VM (25.152-b02 mixed mode windows-amd64 compressed oops)
Heap:
 PSYoungGen      total 483328K, used 99457K [0x00000000e0000000, 0x00000000ffd80000, 0x0000000100000000)
  eden space 446976K, 20% used [0x00000000e0000000,0x00000000e5ae8410,0x00000000fb480000)
  from space 36352K, 17% used [0x00000000fda00000,0x00000000fe038050,0x00000000ffd80000)
  to   space 37376K, 0% used [0x00000000fb480000,0x00000000fb480000,0x00000000fd900000)
 ParOldGen       total 195584K, used 75630K [0x00000000a0000000, 0x00000000abf00000, 0x00000000e0000000)
  object space 195584K, 38% used [0x00000000a0000000,0x00000000a49dbae0,0x00000000abf00000)
 Metaspace       used 96322K, capacity 101442K, committed 101580K, reserved 1138688K
  class space    used 11987K, capacity 12947K, committed 13056K, reserved 1048576K
GC Heap History (10 events):
Event: 895.876 GC heap before
{Heap before GC invocations=34 (full 4):
 PSYoungGen      total 427008K, used 387867K [0x00000000e0000000, 0x00000000ffe80000, 0x0000000100000000)
  eden space 384512K, 100% used [0x00000000e0000000,0x00000000f7780000,0x00000000f7780000)
  from space 42496K, 7% used [0x00000000f7780000,0x00000000f7ac6da8,0x00000000fa100000)
  to   space 41984K, 0% used [0x00000000fd580000,0x00000000fd580000,0x00000000ffe80000)
 ParOldGen       total 195584K, used 72937K [0x00000000a0000000, 0x00000000abf00000, 0x00000000e0000000)
  object space 195584K, 37% used [0x00000000a0000000,0x00000000a473a580,0x00000000abf00000)
 Metaspace       used 93447K, capacity 97866K, committed 98636K, reserved 1134592K
  class space    used 11654K, capacity 12534K, committed 12672K, reserved 1048576K
Event: 895.892 GC heap after
Heap after GC invocations=34 (full 4):
 PSYoungGen      total 479744K, used 7692K [0x00000000e0000000, 0x00000000ffc80000, 0x0000000100000000)
  eden space 439808K, 0% used [0x00000000e0000000,0x00000000e0000000,0x00000000fad80000)
  from space 39936K, 19% used [0x00000000fd580000,0x00000000fdd03300,0x00000000ffc80000)
  to   space 40448K, 0% used [0x00000000fad80000,0x00000000fad80000,0x00000000fd500000)
 ParOldGen       total 195584K, used 72977K [0x00000000a0000000, 0x00000000abf00000, 0x00000000e0000000)
  object space 195584K, 37% used [0x00000000a0000000,0x00000000a4744580,0x00000000abf00000)
 Metaspace       used 93447K, capacity 97866K, committed 98636K, reserved 1134592K
  class space    used 11654K, capacity 12534K, committed 12672K, reserved 1048576K
}
Event: 900.055 GC heap before
{Heap before GC invocations=35 (full 4):
 PSYoungGen      total 479744K, used 447500K [0x00000000e0000000, 0x00000000ffc80000, 0x0000000100000000)
  eden space 439808K, 100% used [0x00000000e0000000,0x00000000fad80000,0x00000000fad80000)
  from space 39936K, 19% used [0x00000000fd580000,0x00000000fdd03300,0x00000000ffc80000)
  to   space 40448K, 0% used [0x00000000fad80000,0x00000000fad80000,0x00000000fd500000)
 ParOldGen       total 195584K, used 72977K [0x00000000a0000000, 0x00000000abf00000, 0x00000000e0000000)
  object space 195584K, 37% used [0x00000000a0000000,0x00000000a4744580,0x00000000abf00000)
 Metaspace       used 94212K, capacity 98720K, committed 99276K, reserved 1136640K
  class space    used 11724K, capacity 12603K, committed 12800K, reserved 1048576K
Event: 900.060 GC heap after
Heap after GC invocations=35 (full 4):
 PSYoungGen      total 480256K, used 2388K [0x00000000e0000000, 0x00000000fff80000, 0x0000000100000000)
  eden space 439808K, 0% used [0x00000000e0000000,0x00000000e0000000,0x00000000fad80000)
  from space 40448K, 5% used [0x00000000fad80000,0x00000000fafd5258,0x00000000fd500000)
  to   space 39936K, 0% used [0x00000000fd880000,0x00000000fd880000,0x00000000fff80000)
 ParOldGen       total 195584K, used 73009K [0x00000000a0000000, 0x00000000abf00000, 0x00000000e0000000)
  object space 195584K, 37% used [0x00000000a0000000,0x00000000a474c580,0x00000000abf00000)
 Metaspace       used 94212K, capacity 98720K, committed 99276K, reserved 1136640K
  class space    used 11724K, capacity 12603K, committed 12800K, reserved 1048576K
}
Event: 903.409 GC heap before
{Heap before GC invocations=36 (full 4):
 PSYoungGen      total 480256K, used 441174K [0x00000000e0000000, 0x00000000fff80000, 0x0000000100000000)
  eden space 439808K, 99% used [0x00000000e0000000,0x00000000fac807e8,0x00000000fad80000)
  from space 40448K, 5% used [0x00000000fad80000,0x00000000fafd5258,0x00000000fd500000)
  to   space 39936K, 0% used [0x00000000fd880000,0x00000000fd880000,0x00000000fff80000)
 ParOldGen       total 195584K, used 73009K [0x00000000a0000000, 0x00000000abf00000, 0x00000000e0000000)
  object space 195584K, 37% used [0x00000000a0000000,0x00000000a474c580,0x00000000abf00000)
 Metaspace       used 94732K, capacity 99376K, committed 99788K, reserved 1136640K
  class space    used 11792K, capacity 12691K, committed 12800K, reserved 1048576K
Event: 903.416 GC heap after
Heap after GC invocations=36 (full 4):
 PSYoungGen      total 480768K, used 5546K [0x00000000e0000000, 0x00000000ffc80000, 0x0000000100000000)
  eden space 443904K, 0% used [0x00000000e0000000,0x00000000e0000000,0x00000000fb180000)
  from space 36864K, 15% used [0x00000000fd880000,0x00000000fddea800,0x00000000ffc80000)
  to   space 38400K, 0% used [0x00000000fb180000,0x00000000fb180000,0x00000000fd700000)
 ParOldGen       total 195584K, used 73553K [0x00000000a0000000, 0x00000000abf00000, 0x00000000e0000000)
  object space 195584K, 37% used [0x00000000a0000000,0x00000000a47d45a0,0x00000000abf00000)
 Metaspace       used 94732K, capacity 99376K, committed 99788K, reserved 1136640K
  class space    used 11792K, capacity 12691K, committed 12800K, reserved 1048576K
}
Event: 962.256 GC heap before
{Heap before GC invocations=37 (full 4):
 PSYoungGen      total 480768K, used 449450K [0x00000000e0000000, 0x00000000ffc80000, 0x0000000100000000)
  eden space 443904K, 100% used [0x00000000e0000000,0x00000000fb180000,0x00000000fb180000)
  from space 36864K, 15% used [0x00000000fd880000,0x00000000fddea800,0x00000000ffc80000)
  to   space 38400K, 0% used [0x00000000fb180000,0x00000000fb180000,0x00000000fd700000)
 ParOldGen       total 195584K, used 73553K [0x00000000a0000000, 0x00000000abf00000, 0x00000000e0000000)
  object space 195584K, 37% used [0x00000000a0000000,0x00000000a47d45a0,0x00000000abf00000)
 Metaspace       used 95885K, capacity 100820K, committed 100940K, reserved 1136640K
  class space    used 11956K, capacity 12898K, committed 12928K, reserved 1048576K
Event: 962.313 GC heap after
Heap after GC invocations=37 (full 4):
 PSYoungGen      total 482304K, used 20278K [0x00000000e0000000, 0x0000000100000000, 0x0000000100000000)
  eden space 443904K, 0% used [0x00000000e0000000,0x00000000e0000000,0x00000000fb180000)
  from space 38400K, 52% used [0x00000000fb180000,0x00000000fc54d8b8,0x00000000fd700000)
  to   space 38912K, 0% used [0x00000000fda00000,0x00000000fda00000,0x0000000100000000)
 ParOldGen       total 195584K, used 73977K [0x00000000a0000000, 0x00000000abf00000, 0x00000000e0000000)
  object space 195584K, 37% used [0x00000000a0000000,0x00000000a483e630,0x00000000abf00000)
 Metaspace       used 95885K, capacity 100820K, committed 100940K, reserved 1136640K
  class space    used 11956K, capacity 12898K, committed 12928K, reserved 1048576K
}
Event: 1063.299 GC heap before
{Heap before GC invocations=38 (full 4):
 PSYoungGen      total 482304K, used 464182K [0x00000000e0000000, 0x0000000100000000, 0x0000000100000000)
  eden space 443904K, 100% used [0x00000000e0000000,0x00000000fb180000,0x00000000fb180000)
  from space 38400K, 52% used [0x00000000fb180000,0x00000000fc54d8b8,0x00000000fd700000)
  to   space 38912K, 0% used [0x00000000fda00000,0x00000000fda00000,0x0000000100000000)
 ParOldGen       total 195584K, used 73977K [0x00000000a0000000, 0x00000000abf00000, 0x00000000e0000000)
  object space 195584K, 37% used [0x00000000a0000000,0x00000000a483e630,0x00000000abf00000)
 Metaspace       used 96245K, capacity 101378K, committed 101580K, reserved 1138688K
  class space    used 11987K, capacity 12947K, committed 13056K, reserved 1048576K
Event: 1063.333 GC heap after
Heap after GC invocations=38 (full 4):
 PSYoungGen      total 483328K, used 6368K [0x00000000e0000000, 0x00000000ffd80000, 0x0000000100000000)
  eden space 446976K, 0% used [0x00000000e0000000,0x00000000e0000000,0x00000000fb480000)
  from space 36352K, 17% used [0x00000000fda00000,0x00000000fe038050,0x00000000ffd80000)
  to   space 37376K, 0% used [0x00000000fb480000,0x00000000fb480000,0x00000000fd900000)
 ParOldGen       total 195584K, used 75630K [0x00000000a0000000, 0x00000000abf00000, 0x00000000e0000000)
  object space 195584K, 38% used [0x00000000a0000000,0x00000000a49dbae0,0x00000000abf00000)
 Metaspace       used 96245K, capacity 101378K, committed 101580K, reserved 1138688K
  class space    used 11987K, capacity 12947K, committed 13056K, reserved 1048576K
}

